<?xml version="1.0" encoding="UTF-8"?>
<!-- Generated by org.testng.reporters.JUnitXMLReporter -->
<testsuite hostname="DESKTOP-N0IH52H" ignored="2" tests="1" failures="0" timestamp="2020-09-23T01:57:27 IST" time="1.89" errors="0">
  <testcase name="SpecBuilderAddPlaceMethodWithSeperateRequestAndResponse" time="1.865" classname="SpecBuilder"/>
  <testcase name="SpecBuilderAddPlaceMethod" time="0.0" classname="SpecBuilder">
    <ignored/>
  </testcase> <!-- SpecBuilderAddPlaceMethod -->
  <testcase name="NormalAddPlaceMethod" time="0.0" classname="SpecBuilder">
    <ignored/>
  </testcase> <!-- NormalAddPlaceMethod -->
</testsuite>
