<?xml version="1.0" encoding="UTF-8"?>
<testng-results skipped="0" failed="0" ignored="2" total="3" passed="1">
  <reporter-output>
  </reporter-output>
  <suite name="Default suite" duration-ms="1890" started-at="2020-09-23T01:57:25 IST" finished-at="2020-09-23T01:57:27 IST">
    <groups>
    </groups>
    <test name="Default test" duration-ms="1890" started-at="2020-09-23T01:57:25 IST" finished-at="2020-09-23T01:57:27 IST">
      <class name="SpecBuilder">
        <test-method status="PASS" signature="SpecBuilderAddPlaceMethodWithSeperateRequestAndResponse()[pri:0, instance:SpecBuilder@6b9651f3]" name="SpecBuilderAddPlaceMethodWithSeperateRequestAndResponse" duration-ms="1865" started-at="2020-09-23T01:57:25 IST" finished-at="2020-09-23T01:57:27 IST">
          <reporter-output>
          </reporter-output>
        </test-method> <!-- SpecBuilderAddPlaceMethodWithSeperateRequestAndResponse -->
      </class> <!-- SpecBuilder -->
    </test> <!-- Default test -->
  </suite> <!-- Default suite -->
</testng-results>
